<?xml version="1.0" encoding="UTF-8"?>
<!-- Generated by org.testng.reporters.JUnitReportReporter -->
<testsuite hostname="DESKTOP-AHQ7GT0" failures="0" tests="2" name="medicare_test.MedicareProductTest" time="72.185" errors="0" timestamp="30 Jul 2025 11:28:37 GMT" skipped="0">
  <testcase classname="medicare_test.MedicareProductTest" name="multipleCartValue" time="40.068"/>
  <testcase classname="medicare_test.MedicareProductTest" name="AddToCartTest" time="32.117"/>
</testsuite> <!-- medicare_test.MedicareProductTest -->
