<?xml version="1.0" encoding="UTF-8"?>
<!-- Generated by org.testng.reporters.JUnitReportReporter -->
<testsuite hostname="DESKTOP-AHQ7GT0" failures="0" tests="2" name="medicare_test.MedicareProductTest" time="80.351" errors="0" timestamp="2025-07-30T20:40:46 IST" skipped="0">
  <testcase classname="medicare_test.MedicareProductTest" name="multipleCartValue" time="44.312"/>
  <system-out/>
  <testcase classname="medicare_test.MedicareProductTest" name="AddToCartTest" time="36.039"/>
  <system-out/>
</testsuite> <!-- medicare_test.MedicareProductTest -->
