<?xml version="1.0" encoding="UTF-8"?>
<!-- Generated by org.testng.reporters.JUnitReportReporter -->
<testsuite hostname="DESKTOP-AHQ7GT0" failures="0" tests="1" name="medicare_test.MedicareSignupTest" time="34.381" errors="0" timestamp="30 Jul 2025 05:48:00 GMT" skipped="0">
  <testcase classname="medicare_test.MedicareSignupTest" name="LoginSucessTest" time="34.381"/>
</testsuite> <!-- medicare_test.MedicareSignupTest -->
