<?xml version="1.0" encoding="UTF-8"?>
<!-- Generated by org.testng.reporters.JUnitReportReporter -->
<testsuite hostname="DESKTOP-AHQ7GT0" failures="0" tests="2" name="medicare_test.MedicareLoginTest" time="51.238" errors="0" timestamp="2025-07-30T20:40:46 IST" skipped="0">
  <testcase classname="medicare_test.MedicareLoginTest" name="LoginFailureTest" time="21.754"/>
  <system-out/>
  <testcase classname="medicare_test.MedicareLoginTest" name="LoginSucessTest" time="29.484"/>
  <system-out/>
</testsuite> <!-- medicare_test.MedicareLoginTest -->
