<?xml version="1.0" encoding="UTF-8"?>
<!-- Generated by org.testng.reporters.JUnitReportReporter -->
<testsuite hostname="DESKTOP-AHQ7GT0" failures="0" tests="1" name="medicare_test.MedicareSignupTest" time="22.135" errors="0" timestamp="2025-07-30T20:40:46 IST" skipped="0">
  <testcase classname="medicare_test.MedicareSignupTest" name="LoginSucessTest" time="22.135"/>
  <system-out/>
</testsuite> <!-- medicare_test.MedicareSignupTest -->
