<?xml version="1.0" encoding="UTF-8"?>
<!-- Generated by org.testng.reporters.JUnitReportReporter -->
<testsuite hostname="DESKTOP-AHQ7GT0" failures="0" tests="2" name="medicare_test.MedicareLoginTest$LoginTest" time="39.999" errors="0" timestamp="30 Jul 2025 04:33:03 GMT" skipped="0">
  <testcase classname="medicare_test.MedicareLoginTest$LoginTest" name="LoginFailureTest" time="21.145"/>
  <testcase classname="medicare_test.MedicareLoginTest$LoginTest" name="LoginSucessTest" time="18.854"/>
</testsuite> <!-- medicare_test.MedicareLoginTest$LoginTest -->
