<?xml version="1.0" encoding="UTF-8"?>
<!-- Generated by org.testng.reporters.JUnitReportReporter -->
<testsuite hostname="DESKTOP-AHQ7GT0" failures="0" tests="2" name="medicare_test.MedicareLoginTest" time="71.499" errors="0" timestamp="30 Jul 2025 05:48:00 GMT" skipped="0">
  <testcase classname="medicare_test.MedicareLoginTest" name="LoginFailureTest" time="23.110"/>
  <testcase classname="medicare_test.MedicareLoginTest" name="LoginSucessTest" time="48.389"/>
</testsuite> <!-- medicare_test.MedicareLoginTest -->
