<?xml version="1.0" encoding="UTF-8"?>
<!-- Generated by org.testng.reporters.JUnitReportReporter -->
<testsuite hostname="DESKTOP-AHQ7GT0" failures="0" tests="1" name="medicare_test.MedicareSignupTest" time="45.554" errors="0" timestamp="30 Jul 2025 11:28:37 GMT" skipped="0">
  <testcase classname="medicare_test.MedicareSignupTest" name="LoginSucessTest" time="45.554"/>
</testsuite> <!-- medicare_test.MedicareSignupTest -->
