<?xml version="1.0" encoding="UTF-8"?>
<!-- Generated by org.testng.reporters.JUnitReportReporter -->
<testsuite hostname="DESKTOP-AHQ7GT0" failures="0" tests="2" name="medicare_test.MedicareLoginTest" time="78.434" errors="0" timestamp="30 Jul 2025 11:28:37 GMT" skipped="0">
  <testcase classname="medicare_test.MedicareLoginTest" name="LoginFailureTest" time="46.122"/>
  <testcase classname="medicare_test.MedicareLoginTest" name="LoginSucessTest" time="32.312"/>
</testsuite> <!-- medicare_test.MedicareLoginTest -->
